<?xml version="1.0" encoding="UTF-8"?>
<!-- Generated by org.testng.reporters.JUnitReportReporter -->
<testsuite skipped="0" hostname="SKYCORE-25" name="module_pages.Data_Dashboard_page" tests="3" failures="0" timestamp="03 Oct 2019 12:45:21 GMT" time="6.316" errors="0">
  <testcase name="login_system" time="4.289" classname="module_pages.Data_Dashboard_page"/>
  <testcase name="view_Card_link" time="1.166" classname="module_pages.Data_Dashboard_page"/>
  <testcase name="Dashboard_filter" time="0.861" classname="module_pages.Data_Dashboard_page"/>
</testsuite> <!-- module_pages.Data_Dashboard_page -->
